2024-05-09 11:02:33,522 - pyswarms.single.global_best - INFO - Optimize for 100 iters with {'c1': 0.5, 'c2': 0.3, 'w': 0.9}
2024-05-09 11:02:48,043 - pyswarms.single.global_best - INFO - Optimization finished | best cost: 0.13122679929353384, best pos: [1.54975184e+01 1.20902778e-02]
2024-05-09 11:15:06,304 - pyswarms.single.global_best - INFO - Optimize for 100 iters with {'c1': 0.5, 'c2': 0.3, 'w': 0.9}
2024-05-09 11:15:13,383 - pyswarms.single.global_best - INFO - Optimization finished | best cost: 368369.82314204075, best pos: [49.99459108  8.63192549]
2024-05-09 17:33:04,453 - pyswarms.single.global_best - INFO - Optimize for 100 iters with {'c1': 0.5, 'c2': 0.3, 'w': 0.9}
2024-05-09 17:33:14,208 - pyswarms.single.global_best - INFO - Optimization finished | best cost: 0.5351722255821121, best pos: [0.38719689 0.18413857]
2024-05-09 17:34:55,084 - pyswarms.single.global_best - INFO - Optimize for 100 iters with {'c1': 0.5, 'c2': 0.3, 'w': 0.9}
2024-05-09 17:35:06,038 - pyswarms.single.global_best - INFO - Optimization finished | best cost: 0.29152376974437655, best pos: [3.27177389 0.16931043]
2024-05-09 17:43:37,032 - pyswarms.single.global_best - INFO - Optimize for 100 iters with {'c1': 0.5, 'c2': 0.3, 'w': 0.9}
2024-05-09 17:43:47,627 - pyswarms.single.global_best - INFO - Optimization finished | best cost: 0.29152376974437655, best pos: [3.27177389 0.16931043]
2024-05-09 17:47:09,179 - pyswarms.single.global_best - INFO - Optimize for 100 iters with {'c1': 0.5, 'c2': 0.3, 'w': 0.9}
2024-05-09 17:47:19,973 - pyswarms.single.global_best - INFO - Optimization finished | best cost: 0.5351722255821121, best pos: [0.38719689 0.18413857]
2024-05-09 18:14:07,036 - pyswarms.single.global_best - INFO - Optimize for 100 iters with {'c1': 0.5, 'c2': 0.3, 'w': 0.9}
2024-05-09 18:14:17,717 - pyswarms.single.global_best - INFO - Optimization finished | best cost: 0.5351722255821121, best pos: [0.38719689 0.18413857]
2024-05-09 18:24:44,072 - pyswarms.single.global_best - INFO - Optimize for 100 iters with {'c1': 0.5, 'c2': 0.3, 'w': 0.9}
2024-05-09 18:24:55,154 - pyswarms.single.global_best - INFO - Optimization finished | best cost: 0.5351722255821121, best pos: [0.38719689 0.18413857]
2024-05-09 19:52:39,522 - pyswarms.single.global_best - INFO - Optimize for 100 iters with {'c1': 0.5, 'c2': 0.3, 'w': 0.9}
2024-05-09 19:52:48,890 - pyswarms.single.global_best - INFO - Optimization finished | best cost: 0.3281929129088809, best pos: [4.97387749e+01 1.62573177e-02]
2024-05-12 10:31:48,024 - pyswarms.single.global_best - INFO - Optimize for 100 iters with {'c1': 0.5, 'c2': 0.3, 'w': 0.9}
2024-05-12 10:31:58,090 - pyswarms.single.global_best - INFO - Optimization finished | best cost: 0.521029352559691, best pos: [43.23175329  0.3240269 ]
2024-05-16 08:54:21,855 - pyswarms.single.global_best - INFO - Optimize for 100 iters with {'c1': 0.5, 'c2': 0.3, 'w': 0.9}
2024-05-16 08:54:31,770 - pyswarms.single.global_best - INFO - Optimization finished | best cost: 0.521029352559691, best pos: [43.23175329  0.3240269 ]
2024-05-16 08:55:10,450 - pyswarms.single.global_best - INFO - Optimize for 100 iters with {'c1': 0.5, 'c2': 0.3, 'w': 0.9}
2024-05-16 08:55:20,568 - pyswarms.single.global_best - INFO - Optimization finished | best cost: 0.521029352559691, best pos: [43.23175329  0.3240269 ]
